<?xml version="1.0" encoding="UTF-8"?>
<!-- Generated by org.testng.reporters.JUnitReportReporter -->
<testsuite hostname="LAPTOP-9R28PHSE" failures="0" tests="2" name="Assign1.DropDown" time="1.558" errors="1" timestamp="2021-08-26T10:15:44 IST" skipped="1">
  <testcase classname="Assign1.DropDown" name="setUp" time="1.558">
    <error message="session not created: This version of ChromeDriver only supports Chrome version 93
Current browser version is 92.0.4515.159 with binary path C:\Program Files\Google\Chrome\Application\chrome.exe
Build info: version: &#039;3.141.59&#039;, revision: &#039;e82be7d358&#039;, time: &#039;2018-11-14T08:17:03&#039;
System info: host: &#039;LAPTOP-9R28PHSE&#039;, ip: &#039;192.168.43.97&#039;, os.name: &#039;Windows 10&#039;, os.arch: &#039;amd64&#039;, os.version: &#039;10.0&#039;, java.version: &#039;16.0.2&#039;
Driver info: driver.version: ChromeDriver
remote stacktrace: Backtrace:
	Ordinal0 [0x00D6A2D3+2663123]
	Ordinal0 [0x00CFA491+2204817]
	Ordinal0 [0x00BE2118+1057048]
	Ordinal0 [0x00C0041A+1180698]
	Ordinal0 [0x00BFC335+1164085]
	Ordinal0 [0x00BF9B7F+1153919]
	Ordinal0 [0x00C29D8F+1351055]
	Ordinal0 [0x00C299FA+1350138]
	Ordinal0 [0x00C2589B+1333403]
	Ordinal0 [0x00C01F74+1187700]
	Ordinal0 [0x00C02DC9+1191369]
	GetHandleVerifier [0x00F030D6+1610054]
	GetHandleVerifier [0x00FAB53B+2299307]
	GetHandleVerifier [0x00DF8DA9+519705]
	GetHandleVerifier [0x00DF7759+513993]
	Ordinal0 [0x00D0112D+2232621]
	Ordinal0 [0x00D055F8+2250232]
	Ordinal0 [0x00D05732+2250546]
	Ordinal0 [0x00D0E591+2286993]
	BaseThreadInitThunk [0x758BFA29+25]
	RtlGetAppContainerNamedObjectPath [0x77817A7E+286]
	RtlGetAppContainerNamedObjectPath [0x77817A4E+238]
" type="org.openqa.selenium.SessionNotCreatedException">
      <![CDATA[org.openqa.selenium.SessionNotCreatedException: session not created: This version of ChromeDriver only supports Chrome version 93
Current browser version is 92.0.4515.159 with binary path C:\Program Files\Google\Chrome\Application\chrome.exe
Build info: version: '3.141.59', revision: 'e82be7d358', time: '2018-11-14T08:17:03'
System info: host: 'LAPTOP-9R28PHSE', ip: '192.168.43.97', os.name: 'Windows 10', os.arch: 'amd64', os.version: '10.0', java.version: '16.0.2'
Driver info: driver.version: ChromeDriver
remote stacktrace: Backtrace:
Ordinal0 [0x00D6A2D3+2663123]
Ordinal0 [0x00CFA491+2204817]
Ordinal0 [0x00BE2118+1057048]
Ordinal0 [0x00C0041A+1180698]
Ordinal0 [0x00BFC335+1164085]
Ordinal0 [0x00BF9B7F+1153919]
Ordinal0 [0x00C29D8F+1351055]
Ordinal0 [0x00C299FA+1350138]
Ordinal0 [0x00C2589B+1333403]
Ordinal0 [0x00C01F74+1187700]
Ordinal0 [0x00C02DC9+1191369]
GetHandleVerifier [0x00F030D6+1610054]
GetHandleVerifier [0x00FAB53B+2299307]
GetHandleVerifier [0x00DF8DA9+519705]
GetHandleVerifier [0x00DF7759+513993]
Ordinal0 [0x00D0112D+2232621]
Ordinal0 [0x00D055F8+2250232]
Ordinal0 [0x00D05732+2250546]
Ordinal0 [0x00D0E591+2286993]
BaseThreadInitThunk [0x758BFA29+25]
RtlGetAppContainerNamedObjectPath [0x77817A7E+286]
RtlGetAppContainerNamedObjectPath [0x77817A4E+238]

at java.base/jdk.internal.reflect.NativeConstructorAccessorImpl.newInstance0(Native Method)
at java.base/jdk.internal.reflect.NativeConstructorAccessorImpl.newInstance(NativeConstructorAccessorImpl.java:78)
at java.base/jdk.internal.reflect.DelegatingConstructorAccessorImpl.newInstance(DelegatingConstructorAccessorImpl.java:45)
at java.base/java.lang.reflect.Constructor.newInstanceWithCaller(Constructor.java:499)
at java.base/java.lang.reflect.Constructor.newInstance(Constructor.java:480)
at org.openqa.selenium.remote.W3CHandshakeResponse.lambda$errorHandler$0(W3CHandshakeResponse.java:62)
at org.openqa.selenium.remote.HandshakeResponse.lambda$getResponseFunction$0(HandshakeResponse.java:30)
at org.openqa.selenium.remote.ProtocolHandshake.lambda$createSession$0(ProtocolHandshake.java:126)
at java.base/java.util.stream.ReferencePipeline$3$1.accept(ReferencePipeline.java:197)
at java.base/java.util.Spliterators$ArraySpliterator.tryAdvance(Spliterators.java:958)
at java.base/java.util.stream.ReferencePipeline.forEachWithCancel(ReferencePipeline.java:129)
at java.base/java.util.stream.AbstractPipeline.copyIntoWithCancel(AbstractPipeline.java:502)
at java.base/java.util.stream.AbstractPipeline.copyInto(AbstractPipeline.java:488)
at java.base/java.util.stream.AbstractPipeline.wrapAndCopyInto(AbstractPipeline.java:474)
at java.base/java.util.stream.FindOps$FindOp.evaluateSequential(FindOps.java:150)
at java.base/java.util.stream.AbstractPipeline.evaluate(AbstractPipeline.java:234)
at java.base/java.util.stream.ReferencePipeline.findFirst(ReferencePipeline.java:647)
at org.openqa.selenium.remote.ProtocolHandshake.createSession(ProtocolHandshake.java:128)
at org.openqa.selenium.remote.ProtocolHandshake.createSession(ProtocolHandshake.java:74)
at org.openqa.selenium.remote.HttpCommandExecutor.execute(HttpCommandExecutor.java:136)
at org.openqa.selenium.remote.service.DriverCommandExecutor.execute(DriverCommandExecutor.java:83)
at org.openqa.selenium.remote.RemoteWebDriver.execute(RemoteWebDriver.java:552)
at org.openqa.selenium.remote.RemoteWebDriver.startSession(RemoteWebDriver.java:213)
at org.openqa.selenium.remote.RemoteWebDriver.<init>(RemoteWebDriver.java:131)
at org.openqa.selenium.chrome.ChromeDriver.<init>(ChromeDriver.java:181)
at org.openqa.selenium.chrome.ChromeDriver.<init>(ChromeDriver.java:168)
at org.openqa.selenium.chrome.ChromeDriver.<init>(ChromeDriver.java:123)
at Assign1.DropDown.setUp(DropDown.java:19)
at java.base/jdk.internal.reflect.NativeMethodAccessorImpl.invoke0(Native Method)
at java.base/jdk.internal.reflect.NativeMethodAccessorImpl.invoke(NativeMethodAccessorImpl.java:78)
at java.base/jdk.internal.reflect.DelegatingMethodAccessorImpl.invoke(DelegatingMethodAccessorImpl.java:43)
at java.base/java.lang.reflect.Method.invoke(Method.java:567)
at org.testng.internal.MethodInvocationHelper.invokeMethod(MethodInvocationHelper.java:133)
at org.testng.internal.MethodInvocationHelper.invokeMethodConsideringTimeout(MethodInvocationHelper.java:62)
at org.testng.internal.ConfigInvoker.invokeConfigurationMethod(ConfigInvoker.java:385)
at org.testng.internal.ConfigInvoker.invokeConfigurations(ConfigInvoker.java:321)
at org.testng.internal.TestMethodWorker.invokeBeforeClassMethods(TestMethodWorker.java:176)
at org.testng.internal.TestMethodWorker.run(TestMethodWorker.java:122)
at java.base/java.util.ArrayList.forEach(ArrayList.java:1511)
at org.testng.TestRunner.privateRun(TestRunner.java:794)
at org.testng.TestRunner.run(TestRunner.java:596)
at org.testng.SuiteRunner.runTest(SuiteRunner.java:377)
at org.testng.SuiteRunner.runSequentially(SuiteRunner.java:371)
at org.testng.SuiteRunner.privateRun(SuiteRunner.java:332)
at org.testng.SuiteRunner.run(SuiteRunner.java:276)
at org.testng.SuiteRunnerWorker.runSuite(SuiteRunnerWorker.java:53)
at org.testng.SuiteRunnerWorker.run(SuiteRunnerWorker.java:96)
at org.testng.TestNG.runSuitesSequentially(TestNG.java:1212)
at org.testng.TestNG.runSuitesLocally(TestNG.java:1134)
at org.testng.TestNG.runSuites(TestNG.java:1063)
at org.testng.TestNG.run(TestNG.java:1031)
at org.testng.remote.AbstractRemoteTestNG.run(AbstractRemoteTestNG.java:115)
at org.testng.remote.RemoteTestNG.initAndRun(RemoteTestNG.java:251)
at org.testng.remote.RemoteTestNG.main(RemoteTestNG.java:77)
]]>
    </error>
  </testcase> <!-- setUp -->
  <system-out/>
  <testcase classname="Assign1.DropDown" name="Test" time="0.000">
    <skipped/>
  </testcase> <!-- Test -->
  <system-out/>
</testsuite> <!-- Assign1.DropDown -->
